0 info it worked if it ends with ok
1 verbose cli [ 'C:\\Program Files\\nodejs\\node.exe',
1 verbose cli   'C:\\Users\\Connor\\AppData\\Roaming\\npm\\node_modules\\npm\\bin\\npm-cli.js',
1 verbose cli   'run',
1 verbose cli   'concat' ]
2 info using npm@4.1.1
3 info using node@v7.4.0
4 verbose run-script [ 'preconcat', 'concat', 'postconcat' ]
5 info lifecycle ordercloud-javascript-sdk@1.0.0~preconcat: ordercloud-javascript-sdk@1.0.0
6 silly lifecycle ordercloud-javascript-sdk@1.0.0~preconcat: no script for preconcat, continuing
7 info lifecycle ordercloud-javascript-sdk@1.0.0~concat: ordercloud-javascript-sdk@1.0.0
8 verbose lifecycle ordercloud-javascript-sdk@1.0.0~concat: unsafe-perm in lifecycle true
9 verbose lifecycle ordercloud-javascript-sdk@1.0.0~concat: PATH: C:\Users\Connor\AppData\Roaming\npm\node_modules\npm\bin\node-gyp-bin;C:\Users\Connor\Projects\OrderCloud\Swagger\output\javascript-sdk\node_modules\.bin;C:\Python35\Scripts\;C:\Python35\;C:\Python27\;C:\Python27\Scripts;C:\Program Files\Docker\Docker\Resources\bin;C:\ProgramData\Oracle\Java\javapath;C:\Program Files\Microsoft MPI\Bin\;C:\Program Files\iis express\PHP\v7.0;c:\Program Files (x86)\Intel\iCLS Client\;c:\Program Files\Intel\iCLS Client\;C:\WINDOWS\system32;C:\WINDOWS;C:\WINDOWS\System32\Wbem;C:\WINDOWS\System32\WindowsPowerShell\v1.0\;C:\Program Files (x86)\Microsoft SQL Server\120\DTS\Binn\;C:\Program Files\Intel\Intel(R) Management Engine Components\DAL;C:\Program Files (x86)\Intel\Intel(R) Management Engine Components\DAL;C:\Program Files\Intel\Intel(R) Management Engine Components\IPT;C:\Program Files (x86)\Intel\Intel(R) Management Engine Components\IPT;C:\Program Files (x86)\Heroku\bin;C:\Program Files (x86)\git\cm;C:\Program Files (x86)\Skype\Phone\;C:\Program Files (x86)\Microsoft SDKs\Azure\CLI\wbin;C:\Program Files\Microsoft DNX\Dnvm\;C:\Program Files (x86)\Windows Kits\10\Windows Performance Toolkit\;C:\Program Files (x86)\Microsoft SQL Server\110\DTS\Binn\;C:\Program Files (x86)\Microsoft SQL Server\130\DTS\Binn\;C:\Program Files (x86)\Microsoft SQL Server\130\Tools\Binn\;C:\Program Files\Microsoft SQL Server\130\Tools\Binn\;C:\Program Files\Microsoft SQL Server\130\DTS\Binn\;C:\Program Files\Microsoft SQL Server\Client SDK\ODBC\130\Tools\Binn\;C:\Program Files (x86)\Microsoft SQL Server\Client SDK\ODBC\130\Tools\Binn\;C:\Program Files (x86)\Microsoft SQL Server\130\Tools\Binn\ManagementStudio\;C:\WINDOWS\system32;C:\WINDOWS;C:\WINDOWS\System32\Wbem;C:\WINDOWS\System32\WindowsPowerShell\v1.0\;C:\Program Files\apache-maven-3.3.9\bin;C:\ProgramData\chocolatey\bin;C:\Program Files\Microsoft SQL Server\120\Tools\Binn\;C:\Program Files\PostgreSQL\pg96\bin;C:\Program Files\Microsoft SQL Server\110\Tools\Binn\;C:\Program Files\Microsoft\Web Platform Installer\;C:\Program Files\dotnet\;C:\Program Files\Git\cmd;C:\Program Files\TortoiseHg\;C:\Program Files\nodejs\;C:\Program Files\CMake\bin;C:\Ruby\bin;C:\Users\Connor\.dnx\bin;C:\Program Files\MongoDB\Server\3.2\bin;C:\cygwin64\bin;C:\Users\Connor\AppData\Local\Microsoft\WindowsApps;C:\Program Files (x86)\MSBuild\14.0\Bin;C:\Program Files (x86)\Microsoft SQL Server\130\DAC\bin;C:\Program Files\Java\jre1.8.0_101\bin;C:\Program Files\apache-maven-3.3.9\bin;C:\Program Files\Java\jdk1.8.0_111;C:\Program Files (x86)\Microsoft Visual Studio 9.0\VC\bin;C:\vim\vim80;C:\Users\Connor\AppData\Roaming\npm
10 verbose lifecycle ordercloud-javascript-sdk@1.0.0~concat: CWD: C:\Users\Connor\Projects\OrderCloud\Swagger\output\javascript-sdk
11 silly lifecycle ordercloud-javascript-sdk@1.0.0~concat: Args: [ '/d /s /c',
11 silly lifecycle   'browserify ./src/index.js --outfile ./dist/ordercloud-javascript-sdk.js --standalone OrderCloud' ]
12 silly lifecycle ordercloud-javascript-sdk@1.0.0~concat: Returned: code: 1  signal: null
13 info lifecycle ordercloud-javascript-sdk@1.0.0~concat: Failed to exec concat script
14 verbose stack Error: ordercloud-javascript-sdk@1.0.0 concat: `browserify ./src/index.js --outfile ./dist/ordercloud-javascript-sdk.js --standalone OrderCloud`
14 verbose stack Exit status 1
14 verbose stack     at EventEmitter.<anonymous> (C:\Users\Connor\AppData\Roaming\npm\node_modules\npm\lib\utils\lifecycle.js:279:16)
14 verbose stack     at emitTwo (events.js:106:13)
14 verbose stack     at EventEmitter.emit (events.js:191:7)
14 verbose stack     at ChildProcess.<anonymous> (C:\Users\Connor\AppData\Roaming\npm\node_modules\npm\lib\utils\spawn.js:40:14)
14 verbose stack     at emitTwo (events.js:106:13)
14 verbose stack     at ChildProcess.emit (events.js:191:7)
14 verbose stack     at maybeClose (internal/child_process.js:885:16)
14 verbose stack     at Process.ChildProcess._handle.onexit (internal/child_process.js:226:5)
15 verbose pkgid ordercloud-javascript-sdk@1.0.0
16 verbose cwd C:\Users\Connor\Projects\OrderCloud\Swagger\output\javascript-sdk
17 error Windows_NT 10.0.14393
18 error argv "C:\\Program Files\\nodejs\\node.exe" "C:\\Users\\Connor\\AppData\\Roaming\\npm\\node_modules\\npm\\bin\\npm-cli.js" "run" "concat"
19 error node v7.4.0
20 error npm  v4.1.1
21 error code ELIFECYCLE
22 error ordercloud-javascript-sdk@1.0.0 concat: `browserify ./src/index.js --outfile ./dist/ordercloud-javascript-sdk.js --standalone OrderCloud`
22 error Exit status 1
23 error Failed at the ordercloud-javascript-sdk@1.0.0 concat script 'browserify ./src/index.js --outfile ./dist/ordercloud-javascript-sdk.js --standalone OrderCloud'.
23 error Make sure you have the latest version of node.js and npm installed.
23 error If you do, this is most likely a problem with the ordercloud-javascript-sdk package,
23 error not with npm itself.
23 error Tell the author that this fails on your system:
23 error     browserify ./src/index.js --outfile ./dist/ordercloud-javascript-sdk.js --standalone OrderCloud
23 error You can get information on how to open an issue for this project with:
23 error     npm bugs ordercloud-javascript-sdk
23 error Or if that isn't available, you can get their info via:
23 error     npm owner ls ordercloud-javascript-sdk
23 error There is likely additional logging output above.
24 verbose exit [ 1, true ]
